<?xml version="1.0" encoding="UTF-8"?>
<coverage generated="1668071648372" clover="3.2.0">
  <project timestamp="1668071648372" name="All files">
    <metrics statements="35" coveredstatements="25" conditionals="4" coveredconditionals="4" methods="10" coveredmethods="7" elements="49" coveredelements="36" complexity="0" loc="35" ncloc="35" packages="1" files="3" classes="3"/>
    <file name="storage.js" path="/Users/khusniddinismoilov/to-do-list/src/modules/storage.js">
      <metrics statements="19" coveredstatements="14" conditionals="4" coveredconditionals="4" methods="5" coveredmethods="4"/>
      <line num="2" count="1" type="stmt"/>
      <line num="4" count="9" type="cond" truecount="2" falsecount="0"/>
      <line num="5" count="8" type="stmt"/>
      <line num="7" count="9" type="stmt"/>
      <line num="10" count="1" type="stmt"/>
      <line num="11" count="3" type="stmt"/>
      <line num="12" count="3" type="stmt"/>
      <line num="13" count="3" type="stmt"/>
      <line num="16" count="1" type="stmt"/>
      <line num="17" count="2" type="stmt"/>
      <line num="18" count="2" type="stmt"/>
      <line num="19" count="5" type="cond" truecount="2" falsecount="0"/>
      <line num="21" count="2" type="stmt"/>
      <line num="24" count="1" type="stmt"/>
      <line num="25" count="0" type="stmt"/>
      <line num="27" count="0" type="stmt"/>
      <line num="28" count="0" type="stmt"/>
      <line num="30" count="0" type="stmt"/>
      <line num="31" count="0" type="stmt"/>
    </file>
    <file name="tasks.js" path="/Users/khusniddinismoilov/to-do-list/src/modules/tasks.js">
      <metrics statements="3" coveredstatements="3" conditionals="0" coveredconditionals="0" methods="1" coveredmethods="1"/>
      <line num="3" count="1" type="stmt"/>
      <line num="4" count="1" type="stmt"/>
      <line num="5" count="1" type="stmt"/>
    </file>
    <file name="userinterface.js" path="/Users/khusniddinismoilov/to-do-list/src/modules/userinterface.js">
      <metrics statements="13" coveredstatements="8" conditionals="0" coveredconditionals="0" methods="4" coveredmethods="2"/>
      <line num="2" count="1" type="stmt"/>
      <line num="3" count="2" type="stmt"/>
      <line num="4" count="2" type="stmt"/>
      <line num="20" count="2" type="stmt"/>
      <line num="23" count="1" type="stmt"/>
      <line num="24" count="0" type="stmt"/>
      <line num="25" count="0" type="stmt"/>
      <line num="28" count="1" type="stmt"/>
      <line num="29" count="2" type="stmt"/>
      <line num="32" count="1" type="stmt"/>
      <line num="33" count="0" type="stmt"/>
      <line num="34" count="0" type="stmt"/>
      <line num="35" count="0" type="stmt"/>
    </file>
  </project>
</coverage>
