{"/Users/khusniddinismoilov/to-do-list/src/modules/storage.js": {"path":"/Users/khusniddinismoilov/to-do-list/src/modules/storage.js","statementMap":{"0":{"start":{"line":2,"column":20},"end":{"line":8,"column":3}},"1":{"start":{"line":4,"column":4},"end":{"line":5,"column":59}},"2":{"start":{"line":4,"column":48},"end":{"line":4,"column":59}},"3":{"start":{"line":5,"column":9},"end":{"line":5,"column":59}},"4":{"start":{"line":7,"column":4},"end":{"line":7,"column":17}},"5":{"start":{"line":10,"column":31},"end":{"line":14,"column":3}},"6":{"start":{"line":11,"column":18},"end":{"line":11,"column":33}},"7":{"start":{"line":12,"column":4},"end":{"line":12,"column":21}},"8":{"start":{"line":13,"column":4},"end":{"line":13,"column":57}},"9":{"start":{"line":16,"column":34},"end":{"line":22,"column":3}},"10":{"start":{"line":17,"column":18},"end":{"line":17,"column":33}},"11":{"start":{"line":18,"column":4},"end":{"line":20,"column":7}},"12":{"start":{"line":19,"column":6},"end":{"line":19,"column":52}},"13":{"start":{"line":19,"column":29},"end":{"line":19,"column":52}},"14":{"start":{"line":21,"column":4},"end":{"line":21,"column":57}},"15":{"start":{"line":24,"column":23},"end":{"line":32,"column":3}},"16":{"start":{"line":25,"column":18},"end":{"line":25,"column":59}},"17":{"start":{"line":27,"column":4},"end":{"line":29,"column":5}},"18":{"start":{"line":27,"column":17},"end":{"line":27,"column":18}},"19":{"start":{"line":28,"column":6},"end":{"line":28,"column":29}},"20":{"start":{"line":30,"column":4},"end":{"line":30,"column":57}},"21":{"start":{"line":31,"column":4},"end":{"line":31,"column":29}}},"fnMap":{"0":{"name":"(anonymous_0)","decl":{"start":{"line":2,"column":20},"end":{"line":2,"column":21}},"loc":{"start":{"line":2,"column":26},"end":{"line":8,"column":3}},"line":2},"1":{"name":"(anonymous_1)","decl":{"start":{"line":10,"column":31},"end":{"line":10,"column":32}},"loc":{"start":{"line":10,"column":41},"end":{"line":14,"column":3}},"line":10},"2":{"name":"(anonymous_2)","decl":{"start":{"line":16,"column":34},"end":{"line":16,"column":35}},"loc":{"start":{"line":16,"column":47},"end":{"line":22,"column":3}},"line":16},"3":{"name":"(anonymous_3)","decl":{"start":{"line":18,"column":18},"end":{"line":18,"column":19}},"loc":{"start":{"line":18,"column":35},"end":{"line":20,"column":5}},"line":18},"4":{"name":"(anonymous_4)","decl":{"start":{"line":24,"column":23},"end":{"line":24,"column":24}},"loc":{"start":{"line":24,"column":29},"end":{"line":32,"column":3}},"line":24}},"branchMap":{"0":{"loc":{"start":{"line":4,"column":4},"end":{"line":5,"column":59}},"type":"if","locations":[{"start":{"line":4,"column":4},"end":{"line":5,"column":59}},{"start":{"line":5,"column":9},"end":{"line":5,"column":59}}],"line":4},"1":{"loc":{"start":{"line":19,"column":6},"end":{"line":19,"column":52}},"type":"if","locations":[{"start":{"line":19,"column":6},"end":{"line":19,"column":52}},{"start":{},"end":{}}],"line":19}},"s":{"0":1,"1":9,"2":1,"3":8,"4":9,"5":1,"6":3,"7":3,"8":3,"9":1,"10":2,"11":2,"12":5,"13":2,"14":2,"15":1,"16":0,"17":0,"18":0,"19":0,"20":0,"21":0},"f":{"0":9,"1":3,"2":2,"3":5,"4":0},"b":{"0":[1,8],"1":[2,3]},"_coverageSchema":"1a1c01bbd47fc00a2c39e90264f33305004495a9","hash":"3fe81d0eb0ac6562468d325a72d2ed1800571cfc"}
,"/Users/khusniddinismoilov/to-do-list/src/modules/tasks.js": {"path":"/Users/khusniddinismoilov/to-do-list/src/modules/tasks.js","statementMap":{"0":{"start":{"line":3,"column":4},"end":{"line":3,"column":23}},"1":{"start":{"line":4,"column":4},"end":{"line":4,"column":35}},"2":{"start":{"line":5,"column":4},"end":{"line":5,"column":31}}},"fnMap":{"0":{"name":"(anonymous_0)","decl":{"start":{"line":2,"column":2},"end":{"line":2,"column":3}},"loc":{"start":{"line":2,"column":45},"end":{"line":6,"column":3}},"line":2}},"branchMap":{},"s":{"0":1,"1":1,"2":1},"f":{"0":1},"b":{},"_coverageSchema":"1a1c01bbd47fc00a2c39e90264f33305004495a9","hash":"157c0bd6ddd40b1ab6131269308a5af87604a41f"}
,"/Users/khusniddinismoilov/to-do-list/src/modules/userinterface.js": {"path":"/Users/khusniddinismoilov/to-do-list/src/modules/userinterface.js","statementMap":{"0":{"start":{"line":2,"column":21},"end":{"line":21,"column":5}},"1":{"start":{"line":3,"column":29},"end":{"line":3,"column":71}},"2":{"start":{"line":4,"column":23},"end":{"line":18,"column":9}},"3":{"start":{"line":20,"column":6},"end":{"line":20,"column":65}},"4":{"start":{"line":23,"column":31},"end":{"line":26,"column":7}},"5":{"start":{"line":24,"column":26},"end":{"line":24,"column":63}},"6":{"start":{"line":25,"column":8},"end":{"line":25,"column":29}},"7":{"start":{"line":28,"column":26},"end":{"line":30,"column":7}},"8":{"start":{"line":29,"column":8},"end":{"line":29,"column":25}},"9":{"start":{"line":32,"column":24},"end":{"line":36,"column":7}},"10":{"start":{"line":33,"column":22},"end":{"line":33,"column":63}},"11":{"start":{"line":34,"column":8},"end":{"line":34,"column":41}},"12":{"start":{"line":35,"column":8},"end":{"line":35,"column":61}}},"fnMap":{"0":{"name":"(anonymous_0)","decl":{"start":{"line":2,"column":21},"end":{"line":2,"column":22}},"loc":{"start":{"line":2,"column":31},"end":{"line":21,"column":5}},"line":2},"1":{"name":"(anonymous_1)","decl":{"start":{"line":23,"column":31},"end":{"line":23,"column":32}},"loc":{"start":{"line":23,"column":37},"end":{"line":26,"column":7}},"line":23},"2":{"name":"(anonymous_2)","decl":{"start":{"line":28,"column":26},"end":{"line":28,"column":27}},"loc":{"start":{"line":28,"column":39},"end":{"line":30,"column":7}},"line":28},"3":{"name":"(anonymous_3)","decl":{"start":{"line":32,"column":24},"end":{"line":32,"column":25}},"loc":{"start":{"line":32,"column":42},"end":{"line":36,"column":7}},"line":32}},"branchMap":{},"s":{"0":1,"1":2,"2":2,"3":2,"4":1,"5":0,"6":0,"7":1,"8":2,"9":1,"10":0,"11":0,"12":0},"f":{"0":2,"1":0,"2":2,"3":0},"b":{},"_coverageSchema":"1a1c01bbd47fc00a2c39e90264f33305004495a9","hash":"98f943424764de4b611a40dc99a8c8297113a0b3"}
}
