TN:
SF:src/modules/storage.js
FN:2,(anonymous_0)
FN:10,(anonymous_1)
FN:17,(anonymous_2)
FN:19,(anonymous_3)
FN:26,(anonymous_4)
FNF:5
FNH:4
FNDA:6,(anonymous_0)
FNDA:2,(anonymous_1)
FNDA:2,(anonymous_2)
FNDA:2,(anonymous_3)
FNDA:0,(anonymous_4)
DA:2,1
DA:4,6
DA:5,5
DA:7,6
DA:10,1
DA:11,2
DA:12,2
DA:13,2
DA:14,2
DA:17,1
DA:18,2
DA:19,2
DA:20,2
DA:22,2
DA:23,2
DA:26,1
DA:27,0
DA:29,0
DA:30,0
DA:32,0
DA:33,0
LF:21
LH:16
BRDA:4,0,0,1
BRDA:4,0,1,5
BRDA:20,1,0,1
BRDA:20,1,1,1
BRF:4
BRH:4
end_of_record
TN:
SF:src/modules/tasks.js
FN:2,(anonymous_0)
FNF:1
FNH:1
FNDA:2,(anonymous_0)
DA:3,2
DA:4,2
DA:5,2
LF:3
LH:3
BRF:0
BRH:0
end_of_record
TN:
SF:src/modules/userinterface.js
FN:2,(anonymous_0)
FN:23,(anonymous_1)
FN:28,(anonymous_2)
FN:32,(anonymous_3)
FNF:4
FNH:2
FNDA:2,(anonymous_0)
FNDA:0,(anonymous_1)
FNDA:2,(anonymous_2)
FNDA:0,(anonymous_3)
DA:2,1
DA:3,2
DA:4,2
DA:20,2
DA:23,1
DA:24,0
DA:25,0
DA:28,1
DA:29,2
DA:32,1
DA:33,0
DA:34,0
DA:35,0
LF:13
LH:8
BRF:0
BRH:0
end_of_record
