TN:
SF:src/modules/interactive.js
FN:4,(anonymous_0)
FN:6,(anonymous_1)
FN:12,(anonymous_2)
FNF:3
FNH:1
FNDA:0,(anonymous_0)
FNDA:0,(anonymous_1)
FNDA:1,(anonymous_2)
DA:4,1
DA:5,0
DA:6,0
DA:7,0
DA:8,0
DA:9,0
DA:12,1
DA:13,1
DA:14,1
DA:15,1
DA:16,1
LF:11
LH:6
BRF:0
BRH:0
end_of_record
TN:
SF:src/modules/storage.js
FN:2,(anonymous_0)
FN:10,(anonymous_1)
FN:16,(anonymous_2)
FN:18,(anonymous_3)
FN:24,(anonymous_4)
FNF:5
FNH:4
FNDA:26,(anonymous_0)
FNDA:15,(anonymous_1)
FNDA:2,(anonymous_2)
FNDA:5,(anonymous_3)
FNDA:0,(anonymous_4)
DA:2,2
DA:4,26
DA:5,23
DA:7,26
DA:10,2
DA:11,15
DA:12,15
DA:13,15
DA:16,2
DA:17,2
DA:18,2
DA:19,5
DA:21,2
DA:24,2
DA:25,0
DA:27,0
DA:28,0
DA:30,0
DA:31,0
LF:19
LH:14
BRDA:4,0,0,3
BRDA:4,0,1,23
BRDA:19,1,0,2
BRDA:19,1,1,3
BRF:4
BRH:4
end_of_record
TN:
SF:src/modules/tasks.js
FN:2,(anonymous_0)
FNF:1
FNH:1
FNDA:1,(anonymous_0)
DA:3,1
DA:4,1
DA:5,1
LF:3
LH:3
BRF:0
BRH:0
end_of_record
TN:
SF:src/modules/userinterface.js
FN:2,(anonymous_0)
FN:23,(anonymous_1)
FN:28,(anonymous_2)
FN:32,(anonymous_3)
FNF:4
FNH:3
FNDA:2,(anonymous_0)
FNDA:0,(anonymous_1)
FNDA:1,(anonymous_2)
FNDA:2,(anonymous_3)
DA:2,2
DA:3,2
DA:4,2
DA:20,2
DA:23,2
DA:24,0
DA:25,0
DA:28,2
DA:29,1
DA:32,2
DA:33,2
DA:34,2
DA:35,2
LF:13
LH:11
BRF:0
BRH:0
end_of_record
